2023-10-15 17:28:00.358236 ({'user': 1069.72, 'nice': 0.0, 'system': 562.88, 'idle': 2953.13})
2023-10-15 17:28:00.358813 (0.0)
2023-10-15 17:28:00.359664 (4)
2023-10-15 17:28:00.359918 (scpufreq(current=1800, min=1800, max=1800))
2023-10-15 17:28:00.360241 (svmem(total=8589934592, available=3545600000, percent=58.7, used=4911468544, free=16310272, active=3530731520, inactive=3517861888, wired=1380737024))
2023-10-15 17:40:35.307821 ({'user': 1449.48, 'nice': 0.0, 'system': 731.19, 'idle': 5424.65})
2023-10-15 17:40:35.308658 (100.0)
2023-10-15 17:40:35.309064 (4)
2023-10-15 17:40:35.310760 (scpufreq(current=1800, min=1800, max=1800))
2023-10-15 17:40:35.311467 (svmem(total=8589934592, available=3507658752, percent=59.2, used=4803502080, free=46727168, active=3463028736, inactive=3456917504, wired=1340473344))
2023-10-15 17:41:35.319321 ({'user': 1494.84, 'nice': 0.0, 'system': 746.32, 'idle': 5604.23})
2023-10-15 17:41:35.319662 (100.0)
2023-10-15 17:41:35.319962 (4)
2023-10-15 17:41:35.320208 (scpufreq(current=1800, min=1800, max=1800))
2023-10-15 17:41:35.320436 (svmem(total=8589934592, available=3512651776, percent=59.1, used=4798775296, free=42774528, active=3470336000, inactive=3465515008, wired=1328439296))
2023-10-15 18:10:29.476926 ({'user': 2092.5, 'nice': 0.0, 'system': 1088.71, 'idle': 11600.1})
2023-10-15 18:10:29.479296 (0.0)
2023-10-15 18:10:29.479781 (4)
2023-10-15 18:10:29.480323 (scpufreq(current=1800, min=1800, max=1800))
2023-10-15 18:10:29.481252 (svmem(total=8589934592, available=3523235840, percent=59.0, used=4769107968, free=72204288, active=3448893440, inactive=3168575488, wired=1320214528))
2023-10-15 18:15:52.089348 (5.221366882324219e-05)
2023-10-15 18:15:52.090046 (6.699562072753906e-05)
2023-10-15 18:15:52.090673 (2.193450927734375e-05)
2023-10-15 18:15:52.091883 (7.891654968261719e-05)
2023-10-15 18:15:52.093520 (0.0002689361572265625)
2023-10-15 18:17:54.405069 ({'user': 2291.21, 'nice': 0.0, 'system': 1189.7, 'idle': 13080.12})
2023-10-15 18:17:54.406584 (0.0003108978271484375)
2023-10-15 18:17:54.406937 (2.002716064453125e-05)
2023-10-15 18:17:54.407214 (2.7894973754882812e-05)
2023-10-15 18:17:54.407385 (svmem(total=8589934592, available=3515203584, percent=59.1, used=4780421120, free=46219264, active=3459493888, inactive=3179745280, wired=1320927232))
2023-10-15 18:18:36.105832 ({'user': 2319.97, 'nice': 0.0, 'system': 1206.58, 'idle': 13201.27})
2023-10-15 18:18:36.106309 (6.318092346191406e-05)
2023-10-15 18:18:36.107238 (2.8848648071289062e-05)
2023-10-15 18:18:36.107443 (scpufreq(current=1800, min=1800, max=1800))
2023-10-15 18:18:36.107739 (svmem(total=8589934592, available=3510775808, percent=59.1, used=4784869376, free=39317504, active=3468046336, inactive=3182039040, wired=1316823040))
2023-10-15 18:19:08.945784 ({'user': 2333.04, 'nice': 0.0, 'system': 1214.52, 'idle': 13311.59})
2023-10-15 18:19:08.946384 (5.91278076171875e-05)
2023-10-15 18:19:08.947898 (6.29425048828125e-05)
2023-10-15 18:19:08.951132 (scpufreq(current=1800, min=1800, max=1800))
2023-10-15 18:19:08.951387 (svmem(total=8589934592, available=3514998784, percent=59.1, used=4779814912, free=42725376, active=3470532608, inactive=3189149696, wired=1309282304))
2023-10-15 18:23:02.711819 ({'user': 2391.85, 'nice': 0.0, 'system': 1246.46, 'idle': 14155.82})
2023-10-15 18:23:02.712327 (0:00:00.000067)
2023-10-15 18:23:02.716103 (0:00:00.000038)
2023-10-15 18:23:02.716349 (scpufreq(current=1800, min=1800, max=1800))
2023-10-15 18:23:02.716632 (svmem(total=8589934592, available=3525844992, percent=59.0, used=4768149504, free=61100032, active=3457335296, inactive=3180081152, wired=1310814208))
